2025-05-30 01:40:32,879 [    INFO] [MainThread] FAT32Manager:286 - Creating virtual disk: virtual_disk.img (1024 MB)
2025-05-30 01:40:35,360 [   ERROR] [MainThread] FAT32Manager:298 - Failed to create disk: 'BootSector' object has no attribute 'get_total_clusters'
2025-05-30 01:46:34,135 [    INFO] [MainThread] FAT32Manager:286 - Creating virtual disk: virtual_disk.img (1024 MB)
2025-05-30 01:46:36,128 [   ERROR] [MainThread] FAT32Manager:298 - Failed to create disk: Failed to format disk: 'BootSector' object has no attribute 'generate_boot_sector'
2025-05-30 01:49:09,693 [    INFO] [MainThread] FAT32Manager:286 - Creating virtual disk: virtual_disk.img (1024 MB)
2025-05-30 01:49:11,080 [   ERROR] [MainThread] FAT32Manager:298 - Failed to create disk: Failed to format disk: 'H' format requires 0 <= number <= 65535
2025-05-30 01:53:12,970 [    INFO] [MainThread] FAT32Manager:286 - Creating virtual disk: virtual_disk.img (1024 MB)
2025-05-30 01:53:14,917 [   ERROR] [MainThread] FAT32Manager:298 - Failed to create disk: Failed to format disk: 'H' format requires 0 <= number <= 65535
2025-05-30 11:20:22,054 [    INFO] [MainThread] FAT32Manager:286 - Creating virtual disk: virtual_disk.img (1024 MB)
2025-05-30 11:20:25,006 [   ERROR] [MainThread] FAT32Manager:298 - Failed to create disk: Failed to format disk: pack expected 13 items for packing (got 14)
2025-05-30 11:37:06,663 [    INFO] [MainThread] FAT32Manager:286 - Creating virtual disk: virtual_disk.img (1024 MB)
2025-05-30 11:37:08,718 [   ERROR] [MainThread] FAT32Manager:298 - Failed to create disk: Failed to format disk: 'BootSector' object has no attribute 'generate_fsinfo_sector'
2025-05-30 11:39:41,125 [    INFO] [MainThread] FAT32Manager:286 - Creating virtual disk: virtual_disk.img (1024 MB)
2025-05-30 11:39:44,768 [    INFO] [MainThread] FAT32Manager:286 - Creating virtual disk: virtual_disk.img (1024 MB)
2025-05-30 11:39:47,391 [    INFO] [MainThread] FAT32Manager:286 - Disk created successfully in 2.62s
2025-05-30 11:39:47,393 [   ERROR] [MainThread] FAT32Manager:298 - Failed to mount disk: Invalid boot sector signature
2025-05-30 11:40:36,254 [    INFO] [MainThread] FAT32Manager:286 - Creating virtual disk: virtual_disk.img (1024 MB)
2025-05-30 11:40:38,366 [    INFO] [MainThread] FAT32Manager:286 - Disk created successfully in 2.11s
2025-05-30 11:40:38,368 [   ERROR] [MainThread] FAT32Manager:298 - Failed to mount disk: Invalid boot sector signature
2025-05-30 11:49:45,031 [    INFO] [MainThread] FAT32Manager:286 - Creating virtual disk: virtual_disk.img (1024 MB)
2025-05-30 11:49:47,262 [   ERROR] [MainThread] FAT32Manager:298 - Failed to create disk: Failed to format disk: Missing signature: b'U\xaa\x00\x00'
2025-05-30 11:55:08,279 [    INFO] [MainThread] FAT32Manager:286 - Creating virtual disk: virtual_disk.img (1024 MB)
2025-05-30 11:55:15,394 [    INFO] [MainThread] FAT32Manager:286 - Disk created successfully in 7.12s
2025-05-30 11:55:15,396 [   ERROR] [MainThread] FAT32Manager:298 - Failed to mount disk: not enough values to unpack (expected 14, got 13)
2025-05-30 12:13:26,044 [    INFO] [MainThread] FAT32Manager:286 - Creating virtual disk: virtual_disk.img (1024 MB)
2025-05-30 12:13:28,202 [    INFO] [MainThread] FAT32Manager:286 - Disk created successfully in 2.16s
2025-05-30 12:13:28,204 [   ERROR] [MainThread] FAT32Manager:298 - Failed to mount disk: not enough values to unpack (expected 14, got 13)
2025-05-30 12:14:31,976 [   ERROR] [MainThread] FAT32Manager:298 - Failed to mount disk: not enough values to unpack (expected 14, got 13)
2025-05-30 12:19:13,184 [    INFO] [MainThread] FAT32Manager:286 - Creating virtual disk: virtual_disk.img (1024 MB)
2025-05-30 12:19:17,194 [   ERROR] [MainThread] FAT32Manager:298 - Failed to create disk: Failed to format disk: pack expected 13 items for packing (got 14)
2025-05-30 12:21:08,286 [    INFO] [MainThread] FAT32Manager:286 - Creating virtual disk: virtual_disk.img (1024 MB)
2025-05-30 12:21:11,035 [    INFO] [MainThread] FAT32Manager:286 - Disk created successfully in 2.75s
2025-05-30 12:21:15,841 [    INFO] [MainThread] FAT32Manager:286 - Disk mounted: virtual_disk.img
2025-05-30 12:28:40,457 [    INFO] [MainThread] FAT32Manager:286 - Creating virtual disk: virtual_disk.img (1024 MB)
2025-05-30 12:28:46,047 [    INFO] [MainThread] FAT32Manager:286 - Disk created successfully in 5.59s
2025-05-30 12:28:49,933 [    INFO] [MainThread] FAT32Manager:286 - Disk mounted: virtual_disk.img
2025-05-30 12:32:20,456 [    INFO] [MainThread] FAT32Manager:286 - Creating virtual disk: virtual_disk.img (1024 MB)
2025-05-30 12:32:23,370 [    INFO] [MainThread] FAT32Manager:286 - Disk created successfully in 2.91s
2025-05-30 12:32:27,976 [    INFO] [MainThread] FAT32Manager:286 - Disk mounted: virtual_disk.img
2025-05-30 13:48:11,684 [    INFO] [MainThread] FAT32Manager:286 - Creating virtual disk: virtual_disk.img (1024 MB)
2025-05-30 13:48:13,583 [    INFO] [MainThread] FAT32Manager:286 - Disk created successfully in 1.90s
2025-05-30 13:48:13,621 [    INFO] [MainThread] FAT32Manager:286 - Disk mounted: virtual_disk.img
2025-05-30 13:50:00,414 [    INFO] [MainThread] FAT32Manager:286 - Creating virtual disk: virtual_disk.img (1024 MB)
2025-05-30 13:50:02,676 [    INFO] [MainThread] FAT32Manager:286 - Disk created successfully in 2.26s
2025-05-30 13:50:02,712 [    INFO] [MainThread] FAT32Manager:286 - Disk mounted: virtual_disk.img
2025-05-30 13:53:56,917 [    INFO] [MainThread] FAT32Manager:286 - Creating virtual disk: virtual_disk.img (1024 MB)
2025-05-30 13:53:58,371 [    INFO] [MainThread] FAT32Manager:286 - Disk created successfully in 1.45s
2025-05-30 13:53:58,404 [    INFO] [MainThread] FAT32Manager:286 - Disk mounted: virtual_disk.img
2025-05-30 14:08:17,348 [    INFO] [MainThread] FAT32Manager:286 - Disk mounted: virtual_disk.img
2025-05-30 14:08:45,201 [    INFO] [MainThread] FAT32Manager:286 - Disk mounted: virtual_disk.img
2025-05-30 14:10:02,225 [    INFO] [MainThread] FAT32Manager:286 - Creating virtual disk: virtual_disk.img (1024 MB)
2025-05-30 14:10:04,231 [    INFO] [MainThread] FAT32Manager:286 - Disk created successfully in 2.01s
2025-05-30 14:10:04,269 [    INFO] [MainThread] FAT32Manager:286 - Disk mounted: virtual_disk.img
2025-05-30 14:10:32,912 [    INFO] [MainThread] FAT32Manager:286 - Disk mounted: virtual_disk.img
2025-05-30 14:10:32,912 [   ERROR] [MainThread] FAT32Manager:298 - Failed to create file: /test.txt
2025-05-30 14:20:11,837 [    INFO] [MainThread] FAT32Manager:286 - Creating virtual disk: virtual_disk.img (1024 MB)
2025-05-30 14:20:14,886 [    INFO] [MainThread] FAT32Manager:286 - Disk created successfully in 3.05s
2025-05-30 14:20:14,887 [    INFO] [MainThread] FAT32Manager:286 - Disk mounted: virtual_disk.img
2025-05-30 14:21:41,444 [    INFO] [MainThread] FAT32Manager:286 - Disk mounted: virtual_disk.img
2025-05-30 14:21:41,444 [   ERROR] [MainThread] FAT32Manager:298 - Failed to create file: /test.txt
2025-05-30 14:23:37,864 [    INFO] [MainThread] FAT32Manager:286 - Creating virtual disk: virtual_disk.img (1024 MB)
2025-05-30 14:23:42,500 [   ERROR] [MainThread] FAT32Manager:298 - Failed to create disk: Failed to format disk: pack expected 13 items for packing (got 14)
2025-05-30 14:24:17,134 [    INFO] [MainThread] FAT32Manager:286 - Creating virtual disk: virtual_disk.img (1024 MB)
2025-05-30 14:24:19,397 [    INFO] [MainThread] FAT32Manager:286 - Disk created successfully in 2.26s
2025-05-30 14:24:19,398 [    INFO] [MainThread] FAT32Manager:286 - Disk mounted: virtual_disk.img
2025-05-30 15:01:30,853 [    INFO] [MainThread] FAT32Manager:286 - Creating virtual disk: virtual_disk.img (1024 MB)
2025-05-30 15:01:33,240 [    INFO] [MainThread] FAT32Manager:286 - Disk created successfully in 2.39s
2025-05-30 15:01:33,521 [   ERROR] [MainThread] FAT32Manager:298 - FAT initialization failed: Invalid FAT count: 0
2025-05-30 15:04:05,473 [   ERROR] [MainThread] FAT32Manager:298 - Disk image not found: virtual_disk.img
2025-05-30 15:04:11,526 [    INFO] [MainThread] FAT32Manager:286 - Creating virtual disk: virtual_disk.img (1024 MB)
2025-05-30 15:04:14,451 [    INFO] [MainThread] FAT32Manager:286 - Disk created successfully in 2.92s
2025-05-30 15:04:14,451 [   ERROR] [MainThread] FAT32Manager:298 - FAT initialization failed: Invalid FAT count: 0
2025-05-30 15:04:27,043 [   ERROR] [MainThread] FAT32Manager:298 - FAT initialization failed: Invalid FAT count: 0
2025-05-30 15:06:44,600 [    INFO] [MainThread] FAT32Manager:286 - Creating virtual disk: virtual_disk.img (1024 MB)
2025-05-30 15:06:45,983 [    INFO] [MainThread] FAT32Manager:286 - Disk created successfully in 1.38s
2025-05-30 15:06:45,984 [   ERROR] [MainThread] FAT32Manager:298 - FAT initialization failed: Invalid FAT count: 0
2025-05-30 15:09:54,094 [    INFO] [MainThread] FAT32Manager:286 - Creating virtual disk: virtual_disk.img (1024 MB)
2025-05-30 15:09:59,358 [    INFO] [MainThread] FAT32Manager:286 - Disk created successfully in 5.26s
2025-05-30 15:09:59,359 [    INFO] [MainThread] FAT32Manager:286 - Boot sector debug info: {'old_format': {'num_fats': 0, 'sectors_per_cluster': 0, 'reserved_sectors': 0, 'total_sectors_32': 0}, 'new_format': {'num_fats': 0, 'sectors_per_cluster': 0, 'reserved_sectors': 0, 'total_sectors_32': 0}}
2025-05-30 15:09:59,359 [   ERROR] [MainThread] FAT32Manager:298 - Failed to mount disk: type object 'BootSector' has no attribute 'from_disk'
2025-05-30 15:10:28,143 [    INFO] [MainThread] FAT32Manager:286 - Boot sector debug info: {'old_format': {'num_fats': 0, 'sectors_per_cluster': 0, 'reserved_sectors': 0, 'total_sectors_32': 0}, 'new_format': {'num_fats': 0, 'sectors_per_cluster': 0, 'reserved_sectors': 0, 'total_sectors_32': 0}}
2025-05-30 15:10:28,143 [   ERROR] [MainThread] FAT32Manager:298 - Failed to mount disk: type object 'BootSector' has no attribute 'from_disk'
2025-05-30 15:12:27,536 [    INFO] [MainThread] FAT32Manager:286 - Creating virtual disk: virtual_disk.img (1024 MB)
2025-05-30 15:12:30,479 [    INFO] [MainThread] FAT32Manager:286 - Disk created successfully in 2.94s
2025-05-30 15:12:30,480 [    INFO] [MainThread] FAT32Manager:286 - Boot sector debug info: {'old_format': {'num_fats': 0, 'sectors_per_cluster': 0, 'reserved_sectors': 0, 'total_sectors_32': 0}, 'new_format': {'num_fats': 0, 'sectors_per_cluster': 0, 'reserved_sectors': 0, 'total_sectors_32': 0}}
2025-05-30 15:12:30,480 [   ERROR] [MainThread] FAT32Manager:298 - Failed to mount disk: list assignment index out of range
2025-05-30 15:14:04,099 [    INFO] [MainThread] FAT32Manager:286 - Creating virtual disk: virtual_disk.img (1024 MB)
2025-05-30 15:14:05,941 [    INFO] [MainThread] FAT32Manager:286 - Disk created successfully in 1.84s
2025-05-30 15:14:05,942 [    INFO] [MainThread] FAT32Manager:286 - VirtualDisk loaded successfully
2025-05-30 15:14:05,942 [    INFO] [MainThread] FAT32Manager:286 - Boot sector read successfully, length: 512 bytes
2025-05-30 15:14:05,942 [    INFO] [MainThread] FAT32Manager:286 - Boot sector first 16 bytes: 00 00 00 00 00 00 00 00 00 00 00 00 00 00 00 00
2025-05-30 15:14:05,943 [    INFO] [MainThread] FAT32Manager:286 - Boot sector debug info: {'old_format': {'num_fats': 0, 'sectors_per_cluster': 0, 'reserved_sectors': 0, 'total_sectors_32': 0}, 'new_format': {'num_fats': 0, 'sectors_per_cluster': 0, 'reserved_sectors': 0, 'total_sectors_32': 0}}
2025-05-30 15:14:05,943 [    INFO] [MainThread] FAT32Manager:286 - BootSector created using from_data method
2025-05-30 15:14:05,943 [    INFO] [MainThread] FAT32Manager:286 - Attempting to create FATManager...
2025-05-30 15:14:05,943 [   ERROR] [MainThread] FAT32Manager:298 - Failed to create FATManager: list assignment index out of range
2025-05-30 15:14:05,944 [   ERROR] [MainThread] FAT32Manager:298 - FATManager error type: IndexError
2025-05-30 15:14:05,960 [   ERROR] [MainThread] FAT32Manager:298 - FATManager traceback: Traceback (most recent call last):
  File "C:\Users\HP\Desktop\diskui\fat32\main.py", line 155, in mount_disk
    fat_manager = FATManager(disk, boot_sector)
                  ^^^^^^^^^^^^^^^^^^^^^^^^^^^^^
  File "C:\Users\HP\Desktop\diskui\fat32\fat\fat_manager.py", line 34, in __init__
    self._initialize_fat_table()
  File "C:\Users\HP\Desktop\diskui\fat32\fat\fat_manager.py", line 92, in _initialize_fat_table
    self.fat_table[2] = self.END_OF_CHAIN
    ~~~~~~~~~~~~~~^^^
IndexError: list assignment index out of range

2025-05-30 15:14:44,118 [    INFO] [MainThread] FAT32Manager:286 - Creating virtual disk: virtual_disk.img (1024 MB)
2025-05-30 15:14:46,418 [    INFO] [MainThread] FAT32Manager:286 - Disk created successfully in 2.30s
2025-05-30 15:14:46,419 [    INFO] [MainThread] FAT32Manager:286 - Boot sector debug info: {'old_format': {'num_fats': 0, 'sectors_per_cluster': 0, 'reserved_sectors': 0, 'total_sectors_32': 0}, 'new_format': {'num_fats': 0, 'sectors_per_cluster': 0, 'reserved_sectors': 0, 'total_sectors_32': 0}}
2025-05-30 15:14:46,420 [   ERROR] [MainThread] FAT32Manager:298 - Failed to mount disk: list assignment index out of range
2025-05-30 15:16:48,775 [   ERROR] [MainThread] FAT32Manager:298 - Failed to mount disk: Failed to open disk: [Errno 13] Permission denied: 'virtual_disk.img'
2025-05-30 15:18:30,285 [    INFO] [MainThread] FAT32Manager:286 - Creating virtual disk: virtual_disk.img (1024 MB)
2025-05-30 15:18:32,431 [    INFO] [MainThread] FAT32Manager:286 - Disk created successfully in 2.15s
2025-05-30 15:18:32,432 [    INFO] [MainThread] FAT32Manager:286 - Boot sector debug info: {'old_format': {'num_fats': 0, 'sectors_per_cluster': 0, 'reserved_sectors': 0, 'total_sectors_32': 0}, 'new_format': {'num_fats': 0, 'sectors_per_cluster': 0, 'reserved_sectors': 0, 'total_sectors_32': 0}}
2025-05-30 15:18:32,432 [   ERROR] [MainThread] FAT32Manager:298 - Failed to mount disk: list assignment index out of range
2025-05-30 15:27:25,743 [    INFO] [MainThread] FAT32Manager:286 - Creating virtual disk: virtual_disk.img (1024 MB)
2025-05-30 15:27:27,868 [    INFO] [MainThread] FAT32Manager:286 - Disk created successfully in 2.12s
2025-05-30 15:27:27,868 [    INFO] [MainThread] FAT32Manager:286 - Boot sector debug info: {'old_format': {'num_fats': 2, 'sectors_per_cluster': 8, 'reserved_sectors': 32, 'total_sectors_32': 0}, 'new_format': {'num_fats': 2, 'sectors_per_cluster': 8, 'reserved_sectors': 32, 'total_sectors_32': 2097152}}
2025-05-30 15:27:27,868 [   ERROR] [MainThread] FAT32Manager:298 - Failed to mount disk: list assignment index out of range
2025-05-30 15:29:21,833 [    INFO] [MainThread] FAT32Manager:286 - Creating virtual disk: virtual_disk.img (1024 MB)
2025-05-30 15:29:27,410 [    INFO] [MainThread] FAT32Manager:286 - Disk created successfully in 5.58s
2025-05-30 15:29:27,411 [    INFO] [MainThread] FAT32Manager:286 - Boot sector debug info: {'old_format': {'num_fats': 2, 'sectors_per_cluster': 8, 'reserved_sectors': 32, 'total_sectors_32': 0}, 'new_format': {'num_fats': 2, 'sectors_per_cluster': 8, 'reserved_sectors': 32, 'total_sectors_32': 2097152}}
2025-05-30 15:29:27,411 [   ERROR] [MainThread] FAT32Manager:298 - Failed to mount disk: list assignment index out of range
2025-05-30 15:31:13,898 [    INFO] [MainThread] FAT32Manager:286 - Creating virtual disk: virtual_disk.img (1024 MB)
2025-05-30 15:31:15,750 [    INFO] [MainThread] FAT32Manager:286 - Disk created successfully in 1.85s
2025-05-30 15:31:15,751 [    INFO] [MainThread] FAT32Manager:286 - Boot sector debug info: {'old_format': {'num_fats': 2, 'sectors_per_cluster': 8, 'reserved_sectors': 32, 'total_sectors_32': 0}, 'new_format': {'num_fats': 2, 'sectors_per_cluster': 8, 'reserved_sectors': 32, 'total_sectors_32': 2097152}}
2025-05-30 15:31:15,751 [   ERROR] [MainThread] FAT32Manager:298 - Failed to mount disk: list assignment index out of range
2025-05-30 15:31:50,453 [    INFO] [MainThread] FAT32Manager:286 - Creating virtual disk: virtual_disk.img (1024 MB)
2025-05-30 15:31:56,209 [    INFO] [MainThread] FAT32Manager:286 - Disk created successfully in 5.76s
2025-05-30 15:31:56,441 [    INFO] [MainThread] FAT32Manager:286 - Boot sector debug info: {'old_format': {'num_fats': 2, 'sectors_per_cluster': 8, 'reserved_sectors': 32, 'total_sectors_32': 0}, 'new_format': {'num_fats': 2, 'sectors_per_cluster': 8, 'reserved_sectors': 32, 'total_sectors_32': 2097152}}
2025-05-30 15:31:56,441 [   ERROR] [MainThread] FAT32Manager:298 - Failed to mount disk: list assignment index out of range
2025-05-30 15:33:25,472 [    INFO] [MainThread] FAT32Manager:286 - Creating virtual disk: virtual_disk.img (1024 MB)
2025-05-30 15:33:27,386 [    INFO] [MainThread] FAT32Manager:286 - Disk created successfully in 1.91s
2025-05-30 15:33:27,391 [    INFO] [MainThread] FAT32Manager:286 - Disk mounted: virtual_disk.img
2025-05-30 15:34:50,371 [   ERROR] [MainThread] FAT32Manager:298 - Failed to mount disk: Failed to open disk: [Errno 13] Permission denied: 'virtual_disk.img'
2025-05-30 15:35:06,833 [   ERROR] [MainThread] FAT32Manager:298 - Failed to mount disk: Failed to open disk: [Errno 13] Permission denied: 'virtual_disk.img'
2025-05-30 15:35:10,683 [   ERROR] [MainThread] FAT32Manager:298 - Failed to mount disk: Failed to open disk: [Errno 13] Permission denied: 'virtual_disk.img'
2025-05-30 15:35:14,800 [    INFO] [MainThread] FAT32Manager:286 - Creating virtual disk: virtual_disk.img (1024 MB)
2025-05-30 15:35:14,800 [   ERROR] [MainThread] FAT32Manager:298 - Failed to create disk: Failed to create virtual disk: [Errno 13] Permission denied: 'virtual_disk.img'
2025-05-30 15:35:41,882 [    INFO] [MainThread] FAT32Manager:286 - Creating virtual disk: virtual_disk.img (1024 MB)
2025-05-30 15:35:45,178 [    INFO] [MainThread] FAT32Manager:286 - Disk created successfully in 3.30s
2025-05-30 15:35:45,180 [    INFO] [MainThread] FAT32Manager:286 - Disk mounted: virtual_disk.img
2025-05-30 15:35:51,415 [    INFO] [MainThread] FAT32Manager:286 - Disk mounted: virtual_disk.img
2025-05-30 15:35:51,415 [   ERROR] [MainThread] FAT32Manager:298 - Failed to create file: /test.txt
2025-05-30 15:36:06,673 [    INFO] [MainThread] FAT32Manager:286 - Disk mounted: virtual_disk.img
2025-05-30 15:36:13,987 [    INFO] [MainThread] FAT32Manager:286 - Disk mounted: virtual_disk.img
2025-05-30 15:36:13,988 [   ERROR] [MainThread] FAT32Manager:298 - Failed to create file: /test.txt
2025-05-30 15:39:03,802 [    INFO] [MainThread] FAT32Manager:286 - Creating virtual disk: virtual_disk.img (1024 MB)
2025-05-30 15:39:09,008 [    INFO] [MainThread] FAT32Manager:286 - Disk created successfully in 5.21s
2025-05-30 15:39:09,010 [    INFO] [MainThread] FAT32Manager:286 - Disk mounted: virtual_disk.img
2025-05-30 15:39:16,351 [    INFO] [MainThread] FAT32Manager:286 - Disk mounted: virtual_disk.img
2025-05-30 15:39:16,351 [    INFO] [MainThread] FAT32Manager:286 - Created file: /test.txt
2025-05-30 15:39:21,850 [    INFO] [MainThread] FAT32Manager:286 - Disk mounted: virtual_disk.img
2025-05-30 15:47:16,410 [    INFO] [MainThread] FAT32Manager:286 - Creating virtual disk: virtual_disk.img (1024 MB)
2025-05-30 15:47:19,745 [    INFO] [MainThread] FAT32Manager:286 - Disk created successfully in 3.33s
2025-05-30 15:47:19,746 [    INFO] [MainThread] FAT32Manager:286 - Disk mounted: virtual_disk.img
2025-05-30 15:47:28,425 [    INFO] [MainThread] FAT32Manager:286 - Disk mounted: virtual_disk.img
2025-05-30 15:47:32,123 [    INFO] [MainThread] FAT32Manager:286 - Disk mounted: virtual_disk.img
2025-05-30 15:47:32,123 [    INFO] [MainThread] FAT32Manager:286 - Created file: /test.txt
2025-05-30 15:47:34,981 [    INFO] [MainThread] FAT32Manager:286 - Disk mounted: virtual_disk.img
2025-05-30 15:56:10,146 [    INFO] [MainThread] FAT32Manager:286 - Disk mounted: virtual_disk.img
2025-05-30 15:56:10,151 [    INFO] [MainThread] FAT32Manager:286 - Created file: /test.py
2025-05-30 15:56:20,590 [    INFO] [MainThread] FAT32Manager:286 - Disk mounted: virtual_disk.img
2025-05-30 15:57:27,604 [    INFO] [MainThread] FAT32Manager:286 - Creating virtual disk: new.img (1024 MB)
2025-05-30 15:57:29,297 [    INFO] [MainThread] FAT32Manager:286 - Disk created successfully in 1.69s
2025-05-30 15:57:29,297 [    INFO] [MainThread] FAT32Manager:286 - Disk mounted: new.img
2025-05-30 16:30:21,633 [    INFO] [MainThread] FAT32Manager:286 - Cloning disk from new.img to new2.img
2025-05-30 16:30:24,909 [    INFO] [MainThread] FAT32Manager:286 - Disk cloned successfully in 3.28s
2025-05-30 16:31:49,284 [    INFO] [MainThread] FAT32Manager:286 - Cloning disk from virtual_disk.img to new2.img
2025-05-30 16:31:52,475 [    INFO] [MainThread] FAT32Manager:286 - Disk cloned successfully in 3.19s
2025-05-30 17:12:30,085 [    INFO] [MainThread] FAT32Manager:286 - Creating virtual disk: virtual_disk.img (1024 MB) with label 'FATDISK'
2025-05-30 17:12:31,396 [   ERROR] [MainThread] FAT32Manager:298 - Failed to create disk: FATManager.__init__() missing 1 required positional argument: 'boot_sector'
2025-05-30 17:13:25,125 [    INFO] [MainThread] FAT32Manager:286 - Creating virtual disk: virtual_disk.img (1024 MB) with label 'FATDISK'
2025-05-30 17:13:29,037 [   ERROR] [MainThread] FAT32Manager:298 - Failed to create disk: FATManager.__init__() missing 1 required positional argument: 'boot_sector'
2025-05-30 17:17:57,913 [    INFO] [MainThread] FAT32Manager:286 - Creating virtual disk: virtual_disk.img (1024 MB) with label 'FATDISK'
2025-05-30 17:17:59,277 [   ERROR] [MainThread] FAT32Manager:298 - Failed to create disk: FATManager.__init__() missing 1 required positional argument: 'boot_sector'
2025-05-30 17:19:51,955 [    INFO] [MainThread] FAT32Manager:286 - Creating virtual disk: virtual_disk.img (1024 MB)
2025-05-30 17:19:53,612 [   ERROR] [MainThread] FAT32Manager:298 - Failed to create disk: Failed to format disk: 'bytes' object has no attribute 'encode'
2025-05-30 17:20:54,233 [    INFO] [MainThread] FAT32Manager:286 - Creating virtual disk: virtual_disk.img (1024 MB)
2025-05-30 17:20:56,059 [   ERROR] [MainThread] FAT32Manager:298 - Failed to create disk: Failed to format disk: 'bytes' object has no attribute 'encode'
2025-05-30 17:21:31,358 [    INFO] [MainThread] FAT32Manager:286 - Creating virtual disk: virtual_disk.img (1024 MB)
2025-05-30 17:21:33,196 [   ERROR] [MainThread] FAT32Manager:298 - Failed to create disk: Failed to format disk: 'bytes' object has no attribute 'encode'
2025-05-30 17:22:47,154 [    INFO] [MainThread] FAT32Manager:286 - Creating virtual disk: virtual_disk.img (1024 MB)
2025-05-30 17:22:48,794 [    INFO] [MainThread] FAT32Manager:286 - Disk created successfully in 1.64s
2025-05-30 17:22:48,796 [    INFO] [MainThread] FAT32Manager:286 - Disk mounted: virtual_disk.img
2025-05-30 17:23:50,291 [    INFO] [MainThread] FAT32Manager:286 - Disk mounted: virtual_disk.img
2025-05-30 17:23:50,291 [    INFO] [MainThread] FAT32Manager:286 - Created file: /test.py
2025-05-30 17:32:01,705 [    INFO] [MainThread] FAT32Manager:286 - Creating virtual disk: virtual_disk.img (1024 MB)
2025-05-30 17:32:03,592 [    INFO] [MainThread] FAT32Manager:286 - Disk created successfully in 1.89s
2025-05-30 17:32:03,593 [    INFO] [MainThread] FAT32Manager:286 - Disk mounted: virtual_disk.img
2025-05-30 17:39:47,273 [    INFO] [MainThread] FAT32Manager:286 - Creating virtual disk: virtual_disk.img (1024 MB)
2025-05-30 17:39:48,826 [    INFO] [MainThread] FAT32Manager:286 - Disk created successfully in 1.55s
2025-05-30 17:39:48,827 [    INFO] [MainThread] FAT32Manager:286 - Disk mounted: virtual_disk.img
2025-05-30 17:40:18,911 [    INFO] [MainThread] FAT32Manager:286 - Deleting virtual disk: virtual_disk.img
2025-05-30 17:40:18,977 [    INFO] [MainThread] FAT32Manager:286 - Disk deleted successfully: virtual_disk.img
2025-05-30 17:59:08,964 [    INFO] [MainThread] FAT32Manager:286 - Creating virtual disk: virtual_disk.img (1024 MB)
2025-05-30 17:59:10,502 [    INFO] [MainThread] FAT32Manager:286 - Disk created successfully in 1.54s
2025-05-30 17:59:10,507 [    INFO] [MainThread] FAT32Manager:286 - Disk mounted: virtual_disk.img
2025-05-30 17:59:20,911 [   ERROR] [MainThread] FAT32Manager:298 - Disk image not found: disk.img
2025-05-30 17:59:47,102 [    INFO] [MainThread] FAT32Manager:286 - Disk mounted: virtual_disk.img
2025-05-30 17:59:47,102 [    INFO] [MainThread] FAT32Manager:286 - Created directory: /documents
2025-05-30 18:00:36,797 [    INFO] [MainThread] FAT32Manager:286 - Disk mounted: virtual_disk.img
2025-05-30 18:00:36,797 [   ERROR] [MainThread] FAT32Manager:298 - Failed to create file: /documents/test.py
2025-05-30 18:05:36,217 [    INFO] [MainThread] FAT32Manager:286 - Disk mounted: virtual_disk.img
2025-05-30 18:05:36,218 [    INFO] [MainThread] FAT32Manager:286 - Created file: /document/test.py
2025-05-30 18:08:17,250 [    INFO] [MainThread] FAT32Manager:286 - Disk mounted: virtual_disk.img
2025-05-30 18:08:17,250 [   ERROR] [MainThread] FAT32Manager:298 - Failed to create file: /documents/test.py
2025-05-30 18:10:29,122 [   ERROR] [MainThread] FAT32Manager:298 - Disk image not found: disk.img
2025-05-30 18:10:48,314 [    INFO] [MainThread] FAT32Manager:286 - Disk mounted: virtual_disk.img
2025-05-30 18:10:48,315 [   ERROR] [MainThread] FAT32Manager:298 - Failed to delete directory: /documents (may not be empty)
2025-05-30 18:11:00,246 [    INFO] [MainThread] FAT32Manager:286 - Disk mounted: virtual_disk.img
2025-05-30 18:11:00,247 [   ERROR] [MainThread] FAT32Manager:298 - Failed to delete directory: /document (may not be empty)
2025-05-30 18:12:43,353 [    INFO] [MainThread] FAT32Manager:286 - Creating virtual disk: virtual_disk.img (1024 MB)
2025-05-30 18:12:47,249 [    INFO] [MainThread] FAT32Manager:286 - Disk created successfully in 3.90s
2025-05-30 18:12:47,251 [    INFO] [MainThread] FAT32Manager:286 - Disk mounted: virtual_disk.img
2025-05-30 18:13:13,405 [    INFO] [MainThread] FAT32Manager:286 - Disk mounted: virtual_disk.img
2025-05-30 18:13:13,407 [   ERROR] [MainThread] FAT32Manager:298 - Failed to create file: /documents/test.py
2025-05-30 18:13:53,941 [    INFO] [MainThread] FAT32Manager:286 - Disk mounted: virtual_disk.img
2025-05-30 18:13:53,947 [   ERROR] [MainThread] FAT32Manager:298 - Failed to create file: /documents/project/test.py
2025-05-30 18:19:13,949 [    INFO] [MainThread] FAT32Manager:286 - Creating virtual disk: virtual_disk.img (1024 MB)
2025-05-30 18:19:15,952 [    INFO] [MainThread] FAT32Manager:286 - Disk created successfully in 2.00s
2025-05-30 18:19:15,953 [    INFO] [MainThread] FAT32Manager:286 - Disk mounted: virtual_disk.img
2025-05-30 18:19:27,610 [    INFO] [MainThread] FAT32Manager:286 - Disk mounted: virtual_disk.img
2025-05-30 18:19:27,610 [   ERROR] [MainThread] FAT32Manager:298 - Failed to create file: /documents/project/test.py
2025-05-30 18:34:07,404 [    INFO] [MainThread] FAT32Manager:286 - Creating virtual disk: virtual_disk.img (1024 MB)
2025-05-30 18:34:09,442 [    INFO] [MainThread] FAT32Manager:286 - Disk created successfully in 2.04s
2025-05-30 18:34:09,444 [    INFO] [MainThread] FAT32Manager:286 - Disk mounted: virtual_disk.img
2025-05-30 18:34:19,257 [    INFO] [MainThread] FAT32Manager:286 - Disk mounted: virtual_disk.img
2025-05-30 18:34:19,260 [   ERROR] [MainThread] FAT32Manager:298 - Failed to create file: /documents/project/test.py
2025-05-30 18:34:40,668 [    INFO] [MainThread] FAT32Manager:286 - Disk mounted: virtual_disk.img
2025-05-30 18:34:40,669 [    INFO] [MainThread] FAT32Manager:286 - Created file: /documents
2025-05-30 18:47:19,210 [    INFO] [MainThread] FAT32Manager:286 - Creating virtual disk: virtual_disk.img (1024 MB)
2025-05-30 18:47:20,711 [    INFO] [MainThread] FAT32Manager:286 - Disk created successfully in 1.50s
2025-05-30 18:47:20,713 [    INFO] [MainThread] FAT32Manager:286 - Disk mounted: virtual_disk.img
2025-05-30 18:47:58,321 [    INFO] [MainThread] FAT32Manager:286 - Disk mounted: virtual_disk.img
2025-05-30 18:47:58,321 [    INFO] [MainThread] FAT32Manager:286 - Created directory: /documents
2025-05-30 18:48:28,947 [    INFO] [MainThread] FAT32Manager:286 - Disk mounted: virtual_disk.img
2025-05-30 18:48:28,947 [   ERROR] [MainThread] FAT32Manager:298 - Failed to create file: /documents/note.txt
2025-05-30 18:49:42,489 [    INFO] [MainThread] FAT32Manager:286 - Disk mounted: virtual_disk.img
2025-05-30 18:49:42,489 [    INFO] [MainThread] FAT32Manager:286 - Created file: /test.py
2025-05-30 18:50:00,679 [    INFO] [MainThread] FAT32Manager:286 - Disk mounted: virtual_disk.img
2025-05-30 18:50:00,679 [   ERROR] [MainThread] FAT32Manager:298 - Failed to create file: /documents/test.py
2025-05-30 18:51:27,684 [    INFO] [MainThread] FAT32Manager:286 - Disk mounted: virtual_disk.img
2025-05-30 18:51:27,684 [    INFO] [MainThread] FAT32Manager:286 - Created file: /document/test.py
2025-05-30 18:51:39,936 [    INFO] [MainThread] FAT32Manager:286 - Disk mounted: virtual_disk.img
2025-05-30 18:51:39,936 [   ERROR] [MainThread] FAT32Manager:298 - Failed to create file: /documents/test.py
2025-05-30 18:52:45,422 [    INFO] [MainThread] FAT32Manager:286 - Disk mounted: virtual_disk.img
2025-05-30 18:52:45,422 [   ERROR] [MainThread] FAT32Manager:298 - Failed to delete directory: /documents
2025-05-30 18:52:53,379 [    INFO] [MainThread] FAT32Manager:286 - Disk mounted: virtual_disk.img
2025-05-30 18:53:04,712 [   ERROR] [MainThread] FAT32Manager:298 - Failed to delete directory: /document
2025-05-30 18:57:23,879 [    INFO] [MainThread] FAT32Manager:286 - Disk mounted: virtual_disk.img
2025-05-30 18:57:26,630 [   ERROR] [MainThread] FAT32Manager:298 - Failed to delete directory: /document
2025-05-30 19:02:31,223 [    INFO] [MainThread] FAT32Manager:286 - Disk mounted: virtual_disk.img
2025-05-30 19:02:33,279 [   ERROR] [MainThread] FAT32Manager:298 - Failed to delete directory: /document
2025-05-30 19:02:51,086 [    INFO] [MainThread] FAT32Manager:286 - Creating virtual disk: virtual_disk.img (1024 MB)
2025-05-30 19:02:55,701 [    INFO] [MainThread] FAT32Manager:286 - Disk created successfully in 4.62s
2025-05-30 19:02:55,703 [    INFO] [MainThread] FAT32Manager:286 - Disk mounted: virtual_disk.img
2025-05-30 19:03:20,939 [    INFO] [MainThread] FAT32Manager:286 - Disk mounted: virtual_disk.img
2025-05-30 19:03:20,939 [    INFO] [MainThread] FAT32Manager:286 - Created directory: /documents
2025-05-30 19:03:38,549 [    INFO] [MainThread] FAT32Manager:286 - Disk mounted: virtual_disk.img
2025-05-30 19:03:38,549 [   ERROR] [MainThread] FAT32Manager:298 - Failed to create file: /documents/test.py
2025-05-30 19:03:46,075 [    INFO] [MainThread] FAT32Manager:286 - Disk mounted: virtual_disk.img
2025-05-30 19:03:46,079 [    INFO] [MainThread] FAT32Manager:286 - Created file: /document/test.py
2025-05-30 19:04:03,666 [    INFO] [MainThread] FAT32Manager:286 - Disk mounted: virtual_disk.img
2025-05-30 19:04:07,049 [   ERROR] [MainThread] FAT32Manager:298 - Failed to delete directory: /document
2025-05-30 19:04:14,849 [    INFO] [MainThread] FAT32Manager:286 - Disk mounted: virtual_disk.img
2025-05-30 19:04:14,849 [    INFO] [MainThread] FAT32Manager:286 - Created directory: /documents
2025-05-30 19:04:43,829 [    INFO] [MainThread] FAT32Manager:286 - Disk mounted: virtual_disk.img
2025-05-30 19:04:43,829 [   ERROR] [MainThread] FAT32Manager:298 - Failed to delete directory: /document
2025-05-30 19:04:55,367 [    INFO] [MainThread] FAT32Manager:286 - Creating virtual disk: virtual_disk.img (1024 MB)
2025-05-30 19:04:57,920 [    INFO] [MainThread] FAT32Manager:286 - Disk created successfully in 2.55s
2025-05-30 19:04:57,920 [    INFO] [MainThread] FAT32Manager:286 - Disk mounted: virtual_disk.img
2025-05-30 19:05:17,256 [    INFO] [MainThread] FAT32Manager:286 - Disk mounted: virtual_disk.img
2025-05-30 19:05:17,256 [    INFO] [MainThread] FAT32Manager:286 - Created directory: /doc
2025-05-30 19:05:29,789 [    INFO] [MainThread] FAT32Manager:286 - Disk mounted: virtual_disk.img
2025-05-30 19:05:29,791 [    INFO] [MainThread] FAT32Manager:286 - Created file: /doc/test.py
2025-05-30 19:05:38,331 [    INFO] [MainThread] FAT32Manager:286 - Disk mounted: virtual_disk.img
2025-05-30 19:05:40,219 [    INFO] [MainThread] FAT32Manager:286 - Directory deletion cancelled by user
2025-05-30 19:05:44,621 [    INFO] [MainThread] FAT32Manager:286 - Disk mounted: virtual_disk.img
2025-05-30 19:05:46,029 [   ERROR] [MainThread] FAT32Manager:298 - Failed to delete directory: /doc
2025-05-30 20:42:42,481 [    INFO] [MainThread] FAT32Manager:286 - Creating virtual disk: virtual_disk.img (1024 MB)
2025-05-30 20:42:44,362 [    INFO] [MainThread] FAT32Manager:286 - Disk created successfully in 1.88s
2025-05-30 20:42:44,363 [    INFO] [MainThread] FAT32Manager:286 - Disk mounted: virtual_disk.img
2025-05-30 21:34:14,975 [    INFO] [MainThread] FAT32Manager:286 - Disk mounted: virtual_disk.img
2025-05-30 21:57:36,629 [    INFO] [MainThread] FAT32Manager:286 - Creating virtual disk: virtual_disk.img (1024 MB)
2025-05-30 21:57:39,660 [    INFO] [MainThread] FAT32Manager:286 - Disk created successfully in 3.03s
2025-05-30 21:57:39,662 [    INFO] [MainThread] FAT32Manager:286 - Disk mounted: virtual_disk.img
2025-05-30 22:04:02,617 [    INFO] [MainThread] FAT32Manager:286 - Disk mounted: virtual_disk.img
2025-05-30 22:04:06,420 [    INFO] [MainThread] FAT32Manager:286 - Disk mounted: virtual_disk.img
2025-05-30 22:12:01,796 [    INFO] [MainThread] FAT32Manager:286 - Disk mounted: C:\Users\HP\Desktop\virtual_disk.img
2025-05-30 22:12:06,441 [    INFO] [MainThread] FAT32Manager:286 - Disk mounted: C:\Users\HP\Desktop\virtual_disk.img
2025-05-30 22:21:16,701 [    INFO] [MainThread] FAT32Manager:286 - Disk mounted: virtual_disk.img
2025-05-30 22:21:16,702 [   ERROR] [MainThread] FAT32Manager:298 - Failed to create file: /doc/test.py
2025-05-30 22:21:27,550 [    INFO] [MainThread] FAT32Manager:286 - Disk mounted: virtual_disk.img
2025-05-30 22:21:27,552 [    INFO] [MainThread] FAT32Manager:286 - Created directory: /documents
2025-05-30 22:22:40,226 [    INFO] [MainThread] FAT32Manager:286 - Formatting disk: virtual_disk.img with cluster size 4096 bytes
2025-05-30 22:22:40,282 [    INFO] [MainThread] FAT32Manager:286 - Disk formatted successfully in 0.06s
2025-05-30 22:22:55,639 [    INFO] [MainThread] FAT32Manager:286 - Disk mounted: virtual_disk.img
2025-05-30 22:31:26,748 [    INFO] [MainThread] FAT32Manager:286 - Disk mounted: virtual_disk.img
2025-05-30 22:31:26,749 [    INFO] [MainThread] FAT32Manager:286 - Created directory: /documents
2025-05-30 22:31:35,734 [    INFO] [MainThread] FAT32Manager:286 - Disk mounted: virtual_disk.img
2025-05-31 06:02:15,828 [    INFO] [MainThread] FAT32Manager:286 - Creating virtual disk: virtual_disk.img (1024 MB)
2025-05-31 06:02:22,470 [    INFO] [MainThread] FAT32Manager:286 - Disk created successfully in 6.64s
2025-05-31 06:02:22,474 [    INFO] [MainThread] FAT32Manager:286 - Disk mounted: virtual_disk.img
2025-05-31 06:07:50,374 [    INFO] [MainThread] FAT32Manager:286 - Creating virtual disk: fonyuy.img (1024 MB)
2025-05-31 06:07:51,582 [    INFO] [MainThread] FAT32Manager:286 - Disk created successfully in 1.21s
2025-05-31 06:07:51,584 [    INFO] [MainThread] FAT32Manager:286 - Disk mounted: fonyuy.img
2025-05-31 06:27:40,825 [    INFO] [MainThread] FAT32Manager:286 - Creating virtual disk: new.img (1024 MB)
2025-05-31 06:27:46,232 [    INFO] [MainThread] FAT32Manager:286 - Disk created successfully in 5.41s
2025-05-31 06:27:46,235 [    INFO] [MainThread] FAT32Manager:286 - Disk mounted: new.img
2025-05-31 06:29:04,848 [    INFO] [MainThread] FAT32Manager:286 - Creating virtual disk: yiu.img (1024 MB)
2025-05-31 06:29:08,288 [    INFO] [MainThread] FAT32Manager:286 - Disk created successfully in 3.44s
2025-05-31 06:29:08,291 [    INFO] [MainThread] FAT32Manager:286 - Disk mounted: yiu.img
2025-05-31 06:43:50,921 [    INFO] [MainThread] FAT32Manager:286 - Deleting virtual disk: yiu.img
2025-05-31 06:43:50,927 [    INFO] [MainThread] FAT32Manager:286 - Disk deleted successfully: yiu.img
2025-05-31 06:58:13,604 [    INFO] [MainThread] FAT32Manager:286 - Creating virtual disk: yiu.img (1024 MB)
2025-05-31 06:58:17,297 [    INFO] [MainThread] FAT32Manager:286 - Disk created successfully in 3.69s
2025-05-31 06:58:17,302 [    INFO] [MainThread] FAT32Manager:286 - Disk mounted: yiu.img
2025-05-31 06:58:26,792 [    INFO] [MainThread] FAT32Manager:286 - Deleting virtual disk: yiu.img
2025-05-31 06:58:26,951 [    INFO] [MainThread] FAT32Manager:286 - Disk deleted successfully: yiu.img
2025-05-31 07:36:51,417 [    INFO] [MainThread] FAT32Manager:286 - Creating virtual disk: yiu.img (1024 MB)
2025-05-31 07:36:55,684 [    INFO] [MainThread] FAT32Manager:286 - Disk created successfully in 4.27s
2025-05-31 07:36:55,686 [    INFO] [MainThread] FAT32Manager:286 - Disk mounted: yiu.img
2025-05-31 07:37:58,918 [    INFO] [MainThread] FAT32Manager:286 - Disk mounted: yiu.img
2025-05-31 07:37:58,918 [    INFO] [MainThread] FAT32Manager:286 - Created file: /note.txt
2025-05-31 07:38:19,116 [    INFO] [MainThread] FAT32Manager:286 - Disk mounted: yiu.img
2025-05-31 07:38:19,119 [    INFO] [MainThread] FAT32Manager:286 - Created directory: /notes
2025-05-31 07:39:06,096 [    INFO] [MainThread] FAT32Manager:286 - Disk mounted: yiu.img
2025-05-31 07:39:06,102 [    INFO] [MainThread] FAT32Manager:286 - Created file: /notes/two.py
2025-05-31 09:10:33,087 [    INFO] [MainThread] FAT32Manager:286 - Disk mounted: yiu.img
2025-05-31 10:24:01,800 [    INFO] [MainThread] FAT32Manager:286 - Disk mounted: yiu.img
2025-05-31 10:24:01,801 [    INFO] [MainThread] FAT32Manager:286 - Updated file: /notes.txt
